19-08-2023 13:59:11.717 [Gauge] [DEBUG] Created gauge_screenshots_dir at /Users/testinium/Downloads/OtomasyonOdev/.gauge/screenshots
19-08-2023 13:59:11.717 [Gauge] [DEBUG] Plugin java is already installed.
19-08-2023 13:59:11.718 [Gauge] [DEBUG] Plugin html-report is already installed.
19-08-2023 13:59:11.718 [Gauge] [DEBUG] Parsing started.
19-08-2023 13:59:11.718 [Gauge] [DEBUG] Started concepts parsing.
19-08-2023 13:59:11.719 [Gauge] [DEBUG] 0 concepts parsing completed.
19-08-2023 13:59:11.719 [Gauge] [DEBUG] Started specifications parsing.
19-08-2023 13:59:11.719 [Gauge] [DEBUG] 1 specifications parsing completed.
19-08-2023 13:59:11.719 [Gauge] [DEBUG] Parsing completed.
19-08-2023 13:59:11.767 [java] [DEBUG] ***** Printing Properties/Env Values *****
19-08-2023 13:59:11.767 [java] [DEBUG] PATH: /usr/local/bin:/System/Cryptexes/App/usr/bin:/usr/bin:/bin:/usr/sbin:/sbin:/var/run/com.apple.security.cryptexd/codex.system/bootstrap/usr/local/bin:/var/run/com.apple.security.cryptexd/codex.system/bootstrap/usr/bin:/var/run/com.apple.security.cryptexd/codex.system/bootstrap/usr/appleinternal/bin:/Users/testinium/.gauge/plugins/screenshot/0.1.0
19-08-2023 13:59:11.767 [java] [DEBUG] JAVA_HOME: 
19-08-2023 13:59:11.767 [java] [DEBUG] gauge_project_root: 
19-08-2023 13:59:11.767 [java] [DEBUG] gauge_parallel_streams_count: 
19-08-2023 13:59:11.767 [java] [DEBUG] gauge_reports_dir: reports
19-08-2023 13:59:11.767 [java] [DEBUG] overwrite_reports: true
19-08-2023 13:59:11.767 [java] [DEBUG] logs_directory: logs
19-08-2023 13:59:11.767 [java] [DEBUG] enable_multithreading: false
19-08-2023 13:59:11.767 [java] [DEBUG] gauge_specs_dir: specs
19-08-2023 13:59:11.767 [java] [DEBUG] csv_delimiter: ,
19-08-2023 13:59:11.767 [java] [DEBUG] gauge_java_home: 
19-08-2023 13:59:11.767 [java] [DEBUG] gauge_custom_build_path: 
19-08-2023 13:59:11.767 [java] [DEBUG] gauge_additional_libs: libs/*
19-08-2023 13:59:11.767 [java] [DEBUG] gauge_jvm_args: 
19-08-2023 13:59:11.767 [java] [DEBUG] gauge_custom_compile_dir: 
19-08-2023 13:59:11.767 [java] [DEBUG] gauge_clear_state_level: scenario
19-08-2023 13:59:11.767 [java] [DEBUG] ***** END *****
19-08-2023 13:59:12.231 [Gauge] [DEBUG] Checking updates...
19-08-2023 13:59:12.231 [Gauge] [DEBUG] Downloading https://downloads.gauge.org/plugin/html-report?l=java&p=html-report,java,screenshot,spectacle,xml-report&o=darwin&a=arm64
19-08-2023 13:59:13.066 [Gauge] [DEBUG] Downloading https://downloads.gauge.org/plugin/java?l=java&p=html-report,java,screenshot,spectacle,xml-report&o=darwin&a=arm64
19-08-2023 13:59:13.141 [Gauge] [DEBUG] Downloading https://downloads.gauge.org/plugin/screenshot?l=java&p=html-report,java,screenshot,spectacle,xml-report&o=darwin&a=arm64
19-08-2023 13:59:13.217 [Gauge] [DEBUG] Downloading https://downloads.gauge.org/plugin/spectacle?l=java&p=html-report,java,screenshot,spectacle,xml-report&o=darwin&a=arm64
19-08-2023 13:59:13.294 [Gauge] [DEBUG] Downloading https://downloads.gauge.org/plugin/xml-report?l=java&p=html-report,java,screenshot,spectacle,xml-report&o=darwin&a=arm64
19-08-2023 13:59:14.042 [java] [ERROR] Installed version of gauge-java (0.10.1) does not match with dependency gauge-java (0.9.1) specified in pom.xml file
19-08-2023 13:59:14.043 [java] [DEBUG] classpath set to /Users/testinium/Library/Java/JavaVirtualMachines/corretto-11.0.13/Contents/Home!/java.base:/Users/testinium/Library/Java/JavaVirtualMachines/corretto-11.0.13/Contents/Home!/java.compiler:/Users/testinium/Library/Java/JavaVirtualMachines/corretto-11.0.13/Contents/Home!/java.datatransfer:/Users/testinium/Library/Java/JavaVirtualMachines/corretto-11.0.13/Contents/Home!/java.desktop:/Users/testinium/Library/Java/JavaVirtualMachines/corretto-11.0.13/Contents/Home!/java.instrument:/Users/testinium/Library/Java/JavaVirtualMachines/corretto-11.0.13/Contents/Home!/java.logging:/Users/testinium/Library/Java/JavaVirtualMachines/corretto-11.0.13/Contents/Home!/java.management:/Users/testinium/Library/Java/JavaVirtualMachines/corretto-11.0.13/Contents/Home!/java.management.rmi:/Users/testinium/Library/Java/JavaVirtualMachines/corretto-11.0.13/Contents/Home!/java.naming:/Users/testinium/Library/Java/JavaVirtualMachines/corretto-11.0.13/Contents/Home!/java.net.http:/Users/testinium/Library/Java/JavaVirtualMachines/corretto-11.0.13/Contents/Home!/java.prefs:/Users/testinium/Library/Java/JavaVirtualMachines/corretto-11.0.13/Contents/Home!/java.rmi:/Users/testinium/Library/Java/JavaVirtualMachines/corretto-11.0.13/Contents/Home!/java.scripting:/Users/testinium/Library/Java/JavaVirtualMachines/corretto-11.0.13/Contents/Home!/java.se:/Users/testinium/Library/Java/JavaVirtualMachines/corretto-11.0.13/Contents/Home!/java.security.jgss:/Users/testinium/Library/Java/JavaVirtualMachines/corretto-11.0.13/Contents/Home!/java.security.sasl:/Users/testinium/Library/Java/JavaVirtualMachines/corretto-11.0.13/Contents/Home!/java.smartcardio:/Users/testinium/Library/Java/JavaVirtualMachines/corretto-11.0.13/Contents/Home!/java.sql:/Users/testinium/Library/Java/JavaVirtualMachines/corretto-11.0.13/Contents/Home!/java.sql.rowset:/Users/testinium/Library/Java/JavaVirtualMachines/corretto-11.0.13/Contents/Home!/java.transaction.xa:/Users/testinium/Library/Java/JavaVirtualMachines/corretto-11.0.13/Contents/Home!/java.xml:/Users/testinium/Library/Java/JavaVirtualMachines/corretto-11.0.13/Contents/Home!/java.xml.crypto:/Users/testinium/Library/Java/JavaVirtualMachines/corretto-11.0.13/Contents/Home!/jdk.accessibility:/Users/testinium/Library/Java/JavaVirtualMachines/corretto-11.0.13/Contents/Home!/jdk.aot:/Users/testinium/Library/Java/JavaVirtualMachines/corretto-11.0.13/Contents/Home!/jdk.attach:/Users/testinium/Library/Java/JavaVirtualMachines/corretto-11.0.13/Contents/Home!/jdk.charsets:/Users/testinium/Library/Java/JavaVirtualMachines/corretto-11.0.13/Contents/Home!/jdk.compiler:/Users/testinium/Library/Java/JavaVirtualMachines/corretto-11.0.13/Contents/Home!/jdk.crypto.cryptoki:/Users/testinium/Library/Java/JavaVirtualMachines/corretto-11.0.13/Contents/Home!/jdk.crypto.ec:/Users/testinium/Library/Java/JavaVirtualMachines/corretto-11.0.13/Contents/Home!/jdk.dynalink:/Users/testinium/Library/Java/JavaVirtualMachines/corretto-11.0.13/Contents/Home!/jdk.editpad:/Users/testinium/Library/Java/JavaVirtualMachines/corretto-11.0.13/Contents/Home!/jdk.hotspot.agent:/Users/testinium/Library/Java/JavaVirtualMachines/corretto-11.0.13/Contents/Home!/jdk.httpserver:/Users/testinium/Library/Java/JavaVirtualMachines/corretto-11.0.13/Contents/Home!/jdk.internal.ed:/Users/testinium/Library/Java/JavaVirtualMachines/corretto-11.0.13/Contents/Home!/jdk.internal.jvmstat:/Users/testinium/Library/Java/JavaVirtualMachines/corretto-11.0.13/Contents/Home!/jdk.internal.le:/Users/testinium/Library/Java/JavaVirtualMachines/corretto-11.0.13/Contents/Home!/jdk.internal.opt:/Users/testinium/Library/Java/JavaVirtualMachines/corretto-11.0.13/Contents/Home!/jdk.internal.vm.ci:/Users/testinium/Library/Java/JavaVirtualMachines/corretto-11.0.13/Contents/Home!/jdk.internal.vm.compiler:/Users/testinium/Library/Java/JavaVirtualMachines/corretto-11.0.13/Contents/Home!/jdk.internal.vm.compiler.management:/Users/testinium/Library/Java/JavaVirtualMachines/corretto-11.0.13/Contents/Home!/jdk.jartool:/Users/testinium/Library/Java/JavaVirtualMachines/corretto-11.0.13/Contents/Home!/jdk.javadoc:/Users/testinium/Library/Java/JavaVirtualMachines/corretto-11.0.13/Contents/Home!/jdk.jcmd:/Users/testinium/Library/Java/JavaVirtualMachines/corretto-11.0.13/Contents/Home!/jdk.jconsole:/Users/testinium/Library/Java/JavaVirtualMachines/corretto-11.0.13/Contents/Home!/jdk.jdeps:/Users/testinium/Library/Java/JavaVirtualMachines/corretto-11.0.13/Contents/Home!/jdk.jdi:/Users/testinium/Library/Java/JavaVirtualMachines/corretto-11.0.13/Contents/Home!/jdk.jdwp.agent:/Users/testinium/Library/Java/JavaVirtualMachines/corretto-11.0.13/Contents/Home!/jdk.jfr:/Users/testinium/Library/Java/JavaVirtualMachines/corretto-11.0.13/Contents/Home!/jdk.jlink:/Users/testinium/Library/Java/JavaVirtualMachines/corretto-11.0.13/Contents/Home!/jdk.jshell:/Users/testinium/Library/Java/JavaVirtualMachines/corretto-11.0.13/Contents/Home!/jdk.jsobject:/Users/testinium/Library/Java/JavaVirtualMachines/corretto-11.0.13/Contents/Home!/jdk.jstatd:/Users/testinium/Library/Java/JavaVirtualMachines/corretto-11.0.13/Contents/Home!/jdk.localedata:/Users/testinium/Library/Java/JavaVirtualMachines/corretto-11.0.13/Contents/Home!/jdk.management:/Users/testinium/Library/Java/JavaVirtualMachines/corretto-11.0.13/Contents/Home!/jdk.management.agent:/Users/testinium/Library/Java/JavaVirtualMachines/corretto-11.0.13/Contents/Home!/jdk.management.jfr:/Users/testinium/Library/Java/JavaVirtualMachines/corretto-11.0.13/Contents/Home!/jdk.naming.dns:/Users/testinium/Library/Java/JavaVirtualMachines/corretto-11.0.13/Contents/Home!/jdk.naming.ldap:/Users/testinium/Library/Java/JavaVirtualMachines/corretto-11.0.13/Contents/Home!/jdk.naming.rmi:/Users/testinium/Library/Java/JavaVirtualMachines/corretto-11.0.13/Contents/Home!/jdk.net:/Users/testinium/Library/Java/JavaVirtualMachines/corretto-11.0.13/Contents/Home!/jdk.pack:/Users/testinium/Library/Java/JavaVirtualMachines/corretto-11.0.13/Contents/Home!/jdk.rmic:/Users/testinium/Library/Java/JavaVirtualMachines/corretto-11.0.13/Contents/Home!/jdk.scripting.nashorn:/Users/testinium/Library/Java/JavaVirtualMachines/corretto-11.0.13/Contents/Home!/jdk.scripting.nashorn.shell:/Users/testinium/Library/Java/JavaVirtualMachines/corretto-11.0.13/Contents/Home!/jdk.sctp:/Users/testinium/Library/Java/JavaVirtualMachines/corretto-11.0.13/Contents/Home!/jdk.security.auth:/Users/testinium/Library/Java/JavaVirtualMachines/corretto-11.0.13/Contents/Home!/jdk.security.jgss:/Users/testinium/Library/Java/JavaVirtualMachines/corretto-11.0.13/Contents/Home!/jdk.unsupported:/Users/testinium/Library/Java/JavaVirtualMachines/corretto-11.0.13/Contents/Home!/jdk.unsupported.desktop:/Users/testinium/Library/Java/JavaVirtualMachines/corretto-11.0.13/Contents/Home!/jdk.xml.dom:/Users/testinium/Library/Java/JavaVirtualMachines/corretto-11.0.13/Contents/Home!/jdk.zipfs:/Users/testinium/Downloads/OtomasyonOdev/target/test-classes:/Users/testinium/.m2/repository/com/thoughtworks/gauge/gauge-java/0.9.1/gauge-java-0.9.1.jar:/Users/testinium/.m2/repository/org/assertj/assertj-core/3.22.0/assertj-core-3.22.0.jar:/Users/testinium/.m2/repository/com/github/javaparser/javaparser-core/3.16.3/javaparser-core-3.16.3.jar:/Users/testinium/.m2/repository/commons-io/commons-io/2.11.0/commons-io-2.11.0.jar:/Users/testinium/.m2/repository/commons-lang/commons-lang/2.6/commons-lang-2.6.jar:/Users/testinium/.m2/repository/org/json/json/20220320/json-20220320.jar:/Users/testinium/.m2/repository/com/google/protobuf/protobuf-java/3.19.4/protobuf-java-3.19.4.jar:/Users/testinium/.m2/repository/io/grpc/grpc-netty-shaded/1.41.2/grpc-netty-shaded-1.41.2.jar:/Users/testinium/.m2/repository/com/google/errorprone/error_prone_annotations/2.9.0/error_prone_annotations-2.9.0.jar:/Users/testinium/.m2/repository/io/perfmark/perfmark-api/0.23.0/perfmark-api-0.23.0.jar:/Users/testinium/.m2/repository/io/grpc/grpc-core/1.41.2/grpc-core-1.41.2.jar:/Users/testinium/.m2/repository/com/google/android/annotations/4.1.1.4/annotations-4.1.1.4.jar:/Users/testinium/.m2/repository/org/codehaus/mojo/animal-sniffer-annotations/1.19/animal-sniffer-annotations-1.19.jar:/Users/testinium/.m2/repository/io/grpc/grpc-protobuf/1.41.2/grpc-protobuf-1.41.2.jar:/Users/testinium/.m2/repository/io/grpc/grpc-api/1.41.2/grpc-api-1.41.2.jar:/Users/testinium/.m2/repository/io/grpc/grpc-context/1.41.2/grpc-context-1.41.2.jar:/Users/testinium/.m2/repository/com/google/api/grpc/proto-google-common-protos/2.0.1/proto-google-common-protos-2.0.1.jar:/Users/testinium/.m2/repository/io/grpc/grpc-protobuf-lite/1.41.2/grpc-protobuf-lite-1.41.2.jar:/Users/testinium/.m2/repository/io/grpc/grpc-stub/1.41.2/grpc-stub-1.41.2.jar:/Users/testinium/.m2/repository/javax/annotation/javax.annotation-api/1.3.2/javax.annotation-api-1.3.2.jar:/Users/testinium/.m2/repository/junit/junit/4.13.2/junit-4.13.2.jar:/Users/testinium/.m2/repository/org/hamcrest/hamcrest-core/1.3/hamcrest-core-1.3.jar:/Users/testinium/.m2/repository/org/seleniumhq/selenium/selenium-java/4.11.0/selenium-java-4.11.0.jar:/Users/testinium/.m2/repository/org/seleniumhq/selenium/selenium-api/4.11.0/selenium-api-4.11.0.jar:/Users/testinium/.m2/repository/org/seleniumhq/selenium/selenium-chrome-driver/4.11.0/selenium-chrome-driver-4.11.0.jar:/Users/testinium/.m2/repository/com/google/auto/service/auto-service-annotations/1.0.1/auto-service-annotations-1.0.1.jar:/Users/testinium/.m2/repository/com/google/guava/guava/31.1-jre/guava-31.1-jre.jar:/Users/testinium/.m2/repository/com/google/guava/failureaccess/1.0.1/failureaccess-1.0.1.jar:/Users/testinium/.m2/repository/com/google/guava/listenablefuture/9999.0-empty-to-avoid-conflict-with-guava/listenablefuture-9999.0-empty-to-avoid-conflict-with-guava.jar:/Users/testinium/.m2/repository/org/checkerframework/checker-qual/3.12.0/checker-qual-3.12.0.jar:/Users/testinium/.m2/repository/com/google/j2objc/j2objc-annotations/1.3/j2objc-annotations-1.3.jar:/Users/testinium/.m2/repository/org/seleniumhq/selenium/selenium-chromium-driver/4.11.0/selenium-chromium-driver-4.11.0.jar:/Users/testinium/.m2/repository/org/seleniumhq/selenium/selenium-json/4.11.0/selenium-json-4.11.0.jar:/Users/testinium/.m2/repository/org/seleniumhq/selenium/selenium-manager/4.11.0/selenium-manager-4.11.0.jar:/Users/testinium/.m2/repository/org/seleniumhq/selenium/selenium-devtools-v113/4.11.0/selenium-devtools-v113-4.11.0.jar:/Users/testinium/.m2/repository/org/seleniumhq/selenium/selenium-devtools-v114/4.11.0/selenium-devtools-v114-4.11.0.jar:/Users/testinium/.m2/repository/org/seleniumhq/selenium/selenium-devtools-v115/4.11.0/selenium-devtools-v115-4.11.0.jar:/Users/testinium/.m2/repository/org/seleniumhq/selenium/selenium-devtools-v85/4.11.0/selenium-devtools-v85-4.11.0.jar:/Users/testinium/.m2/repository/org/seleniumhq/selenium/selenium-edge-driver/4.11.0/selenium-edge-driver-4.11.0.jar:/Users/testinium/.m2/repository/org/seleniumhq/selenium/selenium-firefox-driver/4.11.0/selenium-firefox-driver-4.11.0.jar:/Users/testinium/.m2/repository/org/seleniumhq/selenium/selenium-http/4.11.0/selenium-http-4.11.0.jar:/Users/testinium/.m2/repository/dev/failsafe/failsafe/3.3.1/failsafe-3.3.1.jar:/Users/testinium/.m2/repository/org/seleniumhq/selenium/selenium-ie-driver/4.11.0/selenium-ie-driver-4.11.0.jar:/Users/testinium/.m2/repository/org/seleniumhq/selenium/selenium-remote-driver/4.11.0/selenium-remote-driver-4.11.0.jar:/Users/testinium/.m2/repository/io/netty/netty-buffer/4.1.92.Final/netty-buffer-4.1.92.Final.jar:/Users/testinium/.m2/repository/io/netty/netty-codec-http/4.1.92.Final/netty-codec-http-4.1.92.Final.jar:/Users/testinium/.m2/repository/io/netty/netty-codec/4.1.92.Final/netty-codec-4.1.92.Final.jar:/Users/testinium/.m2/repository/io/netty/netty-handler/4.1.92.Final/netty-handler-4.1.92.Final.jar:/Users/testinium/.m2/repository/io/netty/netty-common/4.1.92.Final/netty-common-4.1.92.Final.jar:/Users/testinium/.m2/repository/io/netty/netty-transport-classes-epoll/4.1.92.Final/netty-transport-classes-epoll-4.1.92.Final.jar:/Users/testinium/.m2/repository/io/netty/netty-transport-classes-kqueue/4.1.92.Final/netty-transport-classes-kqueue-4.1.92.Final.jar:/Users/testinium/.m2/repository/io/netty/netty-transport-native-epoll/4.1.92.Final/netty-transport-native-epoll-4.1.92.Final.jar:/Users/testinium/.m2/repository/io/netty/netty-transport-native-kqueue/4.1.92.Final/netty-transport-native-kqueue-4.1.92.Final.jar:/Users/testinium/.m2/repository/io/netty/netty-transport-native-unix-common/4.1.92.Final/netty-transport-native-unix-common-4.1.92.Final.jar:/Users/testinium/.m2/repository/io/netty/netty-transport/4.1.92.Final/netty-transport-4.1.92.Final.jar:/Users/testinium/.m2/repository/io/netty/netty-resolver/4.1.92.Final/netty-resolver-4.1.92.Final.jar:/Users/testinium/.m2/repository/io/opentelemetry/opentelemetry-api/1.26.0/opentelemetry-api-1.26.0.jar:/Users/testinium/.m2/repository/io/opentelemetry/opentelemetry-context/1.26.0/opentelemetry-context-1.26.0.jar:/Users/testinium/.m2/repository/io/opentelemetry/opentelemetry-exporter-logging/1.26.0/opentelemetry-exporter-logging-1.26.0.jar:/Users/testinium/.m2/repository/io/opentelemetry/opentelemetry-sdk-metrics/1.26.0/opentelemetry-sdk-metrics-1.26.0.jar:/Users/testinium/.m2/repository/io/opentelemetry/opentelemetry-extension-incubator/1.26.0-alpha/opentelemetry-extension-incubator-1.26.0-alpha.jar:/Users/testinium/.m2/repository/io/opentelemetry/opentelemetry-sdk-logs/1.26.0-alpha/opentelemetry-sdk-logs-1.26.0-alpha.jar:/Users/testinium/.m2/repository/io/opentelemetry/opentelemetry-api-logs/1.26.0-alpha/opentelemetry-api-logs-1.26.0-alpha.jar:/Users/testinium/.m2/repository/io/opentelemetry/opentelemetry-api-events/1.26.0-alpha/opentelemetry-api-events-1.26.0-alpha.jar:/Users/testinium/.m2/repository/io/opentelemetry/opentelemetry-sdk-common/1.26.0/opentelemetry-sdk-common-1.26.0.jar:/Users/testinium/.m2/repository/io/opentelemetry/opentelemetry-sdk-extension-autoconfigure-spi/1.26.0/opentelemetry-sdk-extension-autoconfigure-spi-1.26.0.jar:/Users/testinium/.m2/repository/io/opentelemetry/opentelemetry-sdk-extension-autoconfigure/1.26.0-alpha/opentelemetry-sdk-extension-autoconfigure-1.26.0-alpha.jar:/Users/testinium/.m2/repository/io/opentelemetry/opentelemetry-sdk-trace/1.26.0/opentelemetry-sdk-trace-1.26.0.jar:/Users/testinium/.m2/repository/io/opentelemetry/opentelemetry-sdk/1.26.0/opentelemetry-sdk-1.26.0.jar:/Users/testinium/.m2/repository/io/opentelemetry/opentelemetry-semconv/1.26.0-alpha/opentelemetry-semconv-1.26.0-alpha.jar:/Users/testinium/.m2/repository/net/bytebuddy/byte-buddy/1.14.4/byte-buddy-1.14.4.jar:/Users/testinium/.m2/repository/org/apache/commons/commons-exec/1.3/commons-exec-1.3.jar:/Users/testinium/.m2/repository/org/asynchttpclient/async-http-client/2.12.3/async-http-client-2.12.3.jar:/Users/testinium/.m2/repository/org/asynchttpclient/async-http-client-netty-utils/2.12.3/async-http-client-netty-utils-2.12.3.jar:/Users/testinium/.m2/repository/io/netty/netty-codec-socks/4.1.60.Final/netty-codec-socks-4.1.60.Final.jar:/Users/testinium/.m2/repository/io/netty/netty-handler-proxy/4.1.60.Final/netty-handler-proxy-4.1.60.Final.jar:/Users/testinium/.m2/repository/io/netty/netty-transport-native-epoll/4.1.60.Final/netty-transport-native-epoll-4.1.60.Final-linux-x86_64.jar:/Users/testinium/.m2/repository/io/netty/netty-transport-native-kqueue/4.1.60.Final/netty-transport-native-kqueue-4.1.60.Final-osx-x86_64.jar:/Users/testinium/.m2/repository/org/reactivestreams/reactive-streams/1.0.3/reactive-streams-1.0.3.jar:/Users/testinium/.m2/repository/com/typesafe/netty/netty-reactive-streams/2.0.4/netty-reactive-streams-2.0.4.jar:/Users/testinium/.m2/repository/com/sun/activation/jakarta.activation/1.2.2/jakarta.activation-1.2.2.jar:/Users/testinium/.m2/repository/org/seleniumhq/selenium/selenium-safari-driver/4.11.0/selenium-safari-driver-4.11.0.jar:/Users/testinium/.m2/repository/org/seleniumhq/selenium/selenium-support/4.11.0/selenium-support-4.11.0.jar:/Users/testinium/.m2/repository/org/slf4j/slf4j-reload4j/2.0.5/slf4j-reload4j-2.0.5.jar:/Users/testinium/.m2/repository/ch/qos/reload4j/reload4j/1.2.22/reload4j-1.2.22.jar:/Users/testinium/.m2/repository/org/slf4j/slf4j-api/2.0.5/slf4j-api-2.0.5.jar:/Users/testinium/.m2/repository/io/github/bonigarcia/webdrivermanager/5.4.1/webdrivermanager-5.4.1.jar:/Users/testinium/.m2/repository/com/google/code/gson/gson/2.10.1/gson-2.10.1.jar:/Users/testinium/.m2/repository/com/github/docker-java/docker-java/3.3.2/docker-java-3.3.2.jar:/Users/testinium/.m2/repository/com/github/docker-java/docker-java-core/3.3.2/docker-java-core-3.3.2.jar:/Users/testinium/.m2/repository/com/github/docker-java/docker-java-api/3.3.2/docker-java-api-3.3.2.jar:/Users/testinium/.m2/repository/com/fasterxml/jackson/core/jackson-annotations/2.10.3/jackson-annotations-2.10.3.jar:/Users/testinium/.m2/repository/org/apache/commons/commons-compress/1.21/commons-compress-1.21.jar:/Users/testinium/.m2/repository/com/fasterxml/jackson/core/jackson-databind/2.10.3/jackson-databind-2.10.3.jar:/Users/testinium/.m2/repository/com/fasterxml/jackson/core/jackson-core/2.10.3/jackson-core-2.10.3.jar:/Users/testinium/.m2/repository/org/bouncycastle/bcpkix-jdk15on/1.64/bcpkix-jdk15on-1.64.jar:/Users/testinium/.m2/repository/org/bouncycastle/bcprov-jdk15on/1.64/bcprov-jdk15on-1.64.jar:/Users/testinium/.m2/repository/org/slf4j/jcl-over-slf4j/1.7.30/jcl-over-slf4j-1.7.30.jar:/Users/testinium/.m2/repository/com/github/docker-java/docker-java-transport-httpclient5/3.3.2/docker-java-transport-httpclient5-3.3.2.jar:/Users/testinium/.m2/repository/com/github/docker-java/docker-java-transport/3.3.2/docker-java-transport-3.3.2.jar:/Users/testinium/.m2/repository/net/java/dev/jna/jna/5.12.1/jna-5.12.1.jar:/Users/testinium/.m2/repository/org/brotli/dec/0.1.2/dec-0.1.2.jar:/Users/testinium/.m2/repository/org/apache/commons/commons-lang3/3.12.0/commons-lang3-3.12.0.jar:/Users/testinium/.m2/repository/org/apache/httpcomponents/client5/httpclient5/5.2.1/httpclient5-5.2.1.jar:/Users/testinium/.m2/repository/org/apache/httpcomponents/core5/httpcore5/5.2/httpcore5-5.2.jar:/Users/testinium/.m2/repository/org/apache/httpcomponents/core5/httpcore5-h2/5.2/httpcore5-h2-5.2.jar:/Users/testinium/.m2/repository/org/reflections/reflections/0.10.2/reflections-0.10.2.jar:/Users/testinium/.m2/repository/org/javassist/javassist/3.28.0-GA/javassist-3.28.0-GA.jar:/Users/testinium/.m2/repository/com/google/code/findbugs/jsr305/3.0.2/jsr305-3.0.2.jar
19-08-2023 13:59:14.043 [java] [DEBUG] found java executable in java
19-08-2023 13:59:14.043 [java] [DEBUG] running - java [-Dfile.encoding=UTF-8 com.thoughtworks.gauge.GaugeRuntime --start]
19-08-2023 13:59:14.043 [java] [DEBUG] stdout/stderr is logged to logs/1004-java.out
19-08-2023 13:59:14.100 [java] [DEBUG] multithreading is set to false
19-08-2023 13:59:14.258 [java] [DEBUG] Using reflection to scan dependencies for gauge implementations...
19-08-2023 13:59:14.351 [java] [ERROR] SLF4J: A number (19) of logging calls during the initialization phase have been intercepted and are
19-08-2023 13:59:14.351 [java] [ERROR] SLF4J: now being replayed. These are subject to the filtering rules of the underlying logging system.
19-08-2023 13:59:14.351 [java] [ERROR] SLF4J: See also https://www.slf4j.org/codes.html#replay
19-08-2023 13:59:14.416 [java] [DEBUG] gauge-java took 313milliseconds to load and scan. This should be less than 'runner_connection_timeout' config value.
19-08-2023 13:59:14.416 [java] [DEBUG] run 'gauge config runner_connection_timeout' and verify that it is < 313
19-08-2023 13:59:14.416 [java] [DEBUG] starting gRPC server...
19-08-2023 13:59:15.526 [java] [INFO] 2023-08-19 13:59:15 INFO  .(Reflections.java:219) scan - Reflections took 1174 ms to scan 181 urls, producing 6244 keys and 37637 values
19-08-2023 13:59:15.805 [java] [DEBUG] Scanning packages for steps
19-08-2023 13:59:15.814 [java] [DEBUG] Comparing 'stepImplementation.stepImplementation.findElement' and 'stepImplementation.stepImplementation.findElement'
19-08-2023 13:59:15.815 [java] [DEBUG] Found {} Elementini sayfada bul in current project scope.
19-08-2023 13:59:15.815 [java] [DEBUG] Comparing 'stepImplementation.stepImplementation.selectElementAtIndex' and 'stepImplementation.stepImplementation.selectElementAtIndex'
19-08-2023 13:59:15.815 [java] [DEBUG] Found Select {} element at {} index in in current project scope.
19-08-2023 13:59:15.815 [java] [DEBUG] Comparing 'stepImplementation.stepImplementation.jsclick' and 'stepImplementation.stepImplementation.jsclick'
19-08-2023 13:59:15.815 [java] [DEBUG] Found js ile tikla {} in current project scope.
19-08-2023 13:59:15.815 [java] [DEBUG] Comparing 'base.BaseTest.initializeDriver' and 'base.BaseTest.initializeDriver'
19-08-2023 13:59:15.815 [java] [DEBUG] Found Setup driver {} in current project scope.
19-08-2023 13:59:15.815 [java] [DEBUG] Comparing 'stepImplementation.stepImplementation.checkIfUrlContainsText' and 'stepImplementation.stepImplementation.checkIfUrlContainsText'
19-08-2023 13:59:15.815 [java] [DEBUG] Found url {} textini içeriyor mu in current project scope.
19-08-2023 13:59:15.815 [java] [DEBUG] Comparing 'stepImplementation.stepImplementation.waitBySeconds' and 'stepImplementation.stepImplementation.waitBySeconds'
19-08-2023 13:59:15.815 [java] [DEBUG] Found {} saniye Bekle in current project scope.
19-08-2023 13:59:15.815 [java] [DEBUG] Comparing 'stepImplementation.stepImplementation.getElementWithKeyIfExists' and 'stepImplementation.stepImplementation.getElementWithKeyIfExists'
19-08-2023 13:59:15.815 [java] [DEBUG] Found Check if element {} exists in in current project scope.
19-08-2023 13:59:15.815 [java] [DEBUG] Comparing 'stepImplementation.stepImplementation.getElementWithKeyIfExists' and 'stepImplementation.stepImplementation.getElementWithKeyIfExists'
19-08-2023 13:59:15.816 [java] [DEBUG] Found Element var mı kontrol et {} in in current project scope.
19-08-2023 13:59:15.816 [java] [DEBUG] Comparing 'stepImplementation.stepImplementation.chromeFocusLastTab' and 'stepImplementation.stepImplementation.chromeFocusLastTab'
19-08-2023 13:59:15.816 [java] [DEBUG] Found Focus on last tab in current project scope.
19-08-2023 13:59:15.816 [java] [DEBUG] Comparing 'stepImplementation.stepImplementation.chromeFocusLastTab' and 'stepImplementation.stepImplementation.chromeFocusLastTab'
19-08-2023 13:59:15.816 [java] [DEBUG] Found Son sekmeye odaklan in current project scope.
19-08-2023 13:59:15.816 [java] [DEBUG] Comparing 'stepImplementation.stepImplementation.ifElementExistsClick' and 'stepImplementation.stepImplementation.ifElementExistsClick'
19-08-2023 13:59:15.816 [java] [DEBUG] Found {} Elementi görülürse tıklanılır in current project scope.
19-08-2023 13:59:15.816 [java] [DEBUG] Comparing 'stepImplementation.stepImplementation.sendKeys' and 'stepImplementation.stepImplementation.sendKeys'
19-08-2023 13:59:15.816 [java] [DEBUG] Found {} Elementine {} değerini yaz in current project scope.
19-08-2023 13:59:15.816 [java] [DEBUG] Comparing 'stepImplementation.stepImplementation.GoUrl' and 'stepImplementation.stepImplementation.GoUrl'
19-08-2023 13:59:15.816 [java] [DEBUG] Found Go to {} in current project scope.
19-08-2023 13:59:15.816 [java] [DEBUG] Comparing 'stepImplementation.stepImplementation.clickElement' and 'stepImplementation.stepImplementation.clickElement'
19-08-2023 13:59:15.817 [java] [DEBUG] Found {} Elementine tıklanılır in current project scope.
19-08-2023 13:59:15.817 [java] [DEBUG] Comparing 'stepImplementation.stepImplementation.scrollToElement' and 'stepImplementation.stepImplementation.scrollToElement'
19-08-2023 13:59:15.817 [java] [DEBUG] Found {} Elementine scroll et in current project scope.
19-08-2023 13:59:15.817 [java] [DEBUG] Scanning packages for hooks
19-08-2023 13:59:15.820 [java] [DEBUG] Scanned steps (using static parsing + reflections): 
19-08-2023 13:59:15.820 [java] [DEBUG] 	Son sekmeye odaklan : public void chromeFocusLastTab()
19-08-2023 13:59:15.820 [java] [DEBUG] 	Setup driver {} : public void initializeDriver(String driverName)
19-08-2023 13:59:15.820 [java] [DEBUG] 	{} Elementine tıklanılır : public void clickElement(String elementName)
19-08-2023 13:59:15.820 [java] [DEBUG] 	{} saniye Bekle : public void waitBySeconds(int seconds) throws InterruptedException
19-08-2023 13:59:15.820 [java] [DEBUG] 	Check if element {} exists in : public WebElement getElementWithKeyIfExists(String key) throws InterruptedException
19-08-2023 13:59:15.820 [java] [DEBUG] 	js ile tikla {} : public void jsclick(String key)
19-08-2023 13:59:15.820 [java] [DEBUG] 	Focus on last tab : public void chromeFocusLastTab()
19-08-2023 13:59:15.820 [java] [DEBUG] 	{} Elementini sayfada bul : public WebElement findElement(String elementName)
19-08-2023 13:59:15.820 [java] [DEBUG] 	Element var mı kontrol et {} in : public WebElement getElementWithKeyIfExists(String key) throws InterruptedException
19-08-2023 13:59:15.820 [java] [DEBUG] 	{} Elementine scroll et : public void scrollToElement(String elementName)
19-08-2023 13:59:15.820 [java] [DEBUG] 	url {} textini içeriyor mu : public void checkIfUrlContainsText(String text)
19-08-2023 13:59:15.820 [java] [DEBUG] 	Go to {} : public void GoUrl(String url)
19-08-2023 13:59:15.820 [java] [DEBUG] 	{} Elementi görülürse tıklanılır : public void ifElementExistsClick(String key)
19-08-2023 13:59:15.820 [java] [DEBUG] 	{} Elementine {} değerini yaz : public void sendKeys(String elementName, String text) throws InterruptedException
19-08-2023 13:59:15.820 [java] [DEBUG] 	Select {} element at {} index in : public void selectElementAtIndex(String key, String index)
19-08-2023 14:51:20.808 [Gauge] [DEBUG] Created gauge_screenshots_dir at /Users/testinium/Downloads/OtmOdev/.gauge/screenshots
19-08-2023 14:51:20.809 [Gauge] [DEBUG] Plugin html-report is already installed.
19-08-2023 14:51:20.809 [Gauge] [DEBUG] Plugin java is already installed.
19-08-2023 14:51:20.810 [Gauge] [DEBUG] Parsing started.
19-08-2023 14:51:20.810 [Gauge] [DEBUG] Started concepts parsing.
19-08-2023 14:51:20.811 [Gauge] [DEBUG] 0 concepts parsing completed.
19-08-2023 14:51:20.811 [Gauge] [DEBUG] Started specifications parsing.
19-08-2023 14:51:20.812 [Gauge] [DEBUG] 1 specifications parsing completed.
19-08-2023 14:51:20.812 [Gauge] [DEBUG] Parsing completed.
19-08-2023 14:51:20.824 [java] [DEBUG] ***** Printing Properties/Env Values *****
19-08-2023 14:51:20.824 [java] [DEBUG] PATH: /usr/local/bin:/System/Cryptexes/App/usr/bin:/usr/bin:/bin:/usr/sbin:/sbin:/var/run/com.apple.security.cryptexd/codex.system/bootstrap/usr/local/bin:/var/run/com.apple.security.cryptexd/codex.system/bootstrap/usr/bin:/var/run/com.apple.security.cryptexd/codex.system/bootstrap/usr/appleinternal/bin:/Users/testinium/.gauge/plugins/screenshot/0.1.0
19-08-2023 14:51:20.824 [java] [DEBUG] JAVA_HOME: 
19-08-2023 14:51:20.824 [java] [DEBUG] gauge_project_root: 
19-08-2023 14:51:20.824 [java] [DEBUG] gauge_parallel_streams_count: 
19-08-2023 14:51:20.824 [java] [DEBUG] gauge_reports_dir: reports
19-08-2023 14:51:20.824 [java] [DEBUG] overwrite_reports: true
19-08-2023 14:51:20.824 [java] [DEBUG] logs_directory: logs
19-08-2023 14:51:20.824 [java] [DEBUG] enable_multithreading: false
19-08-2023 14:51:20.824 [java] [DEBUG] gauge_specs_dir: specs
19-08-2023 14:51:20.824 [java] [DEBUG] csv_delimiter: ,
19-08-2023 14:51:20.824 [java] [DEBUG] gauge_java_home: 
19-08-2023 14:51:20.824 [java] [DEBUG] gauge_custom_build_path: 
19-08-2023 14:51:20.824 [java] [DEBUG] gauge_additional_libs: libs/*
19-08-2023 14:51:20.824 [java] [DEBUG] gauge_jvm_args: 
19-08-2023 14:51:20.824 [java] [DEBUG] gauge_custom_compile_dir: 
19-08-2023 14:51:20.824 [java] [DEBUG] gauge_clear_state_level: scenario
19-08-2023 14:51:20.824 [java] [DEBUG] ***** END *****
19-08-2023 14:51:21.431 [Gauge] [DEBUG] Checking updates...
19-08-2023 14:51:21.431 [Gauge] [DEBUG] Downloading https://downloads.gauge.org/plugin/html-report?l=java&p=html-report,java,screenshot,spectacle,xml-report&o=darwin&a=arm64
19-08-2023 14:51:21.934 [Gauge] [DEBUG] Downloading https://downloads.gauge.org/plugin/java?l=java&p=html-report,java,screenshot,spectacle,xml-report&o=darwin&a=arm64
19-08-2023 14:51:22.014 [Gauge] [DEBUG] Downloading https://downloads.gauge.org/plugin/screenshot?l=java&p=html-report,java,screenshot,spectacle,xml-report&o=darwin&a=arm64
19-08-2023 14:51:22.093 [Gauge] [DEBUG] Downloading https://downloads.gauge.org/plugin/spectacle?l=java&p=html-report,java,screenshot,spectacle,xml-report&o=darwin&a=arm64
19-08-2023 14:51:22.470 [Gauge] [DEBUG] Downloading https://downloads.gauge.org/plugin/xml-report?l=java&p=html-report,java,screenshot,spectacle,xml-report&o=darwin&a=arm64
19-08-2023 14:51:22.508 [java] [ERROR] Installed version of gauge-java (0.10.1) does not match with dependency gauge-java (0.9.1) specified in pom.xml file
19-08-2023 14:51:22.508 [java] [DEBUG] classpath set to /Users/testinium/Library/Java/JavaVirtualMachines/corretto-11.0.13/Contents/Home!/java.base:/Users/testinium/Library/Java/JavaVirtualMachines/corretto-11.0.13/Contents/Home!/java.compiler:/Users/testinium/Library/Java/JavaVirtualMachines/corretto-11.0.13/Contents/Home!/java.datatransfer:/Users/testinium/Library/Java/JavaVirtualMachines/corretto-11.0.13/Contents/Home!/java.desktop:/Users/testinium/Library/Java/JavaVirtualMachines/corretto-11.0.13/Contents/Home!/java.instrument:/Users/testinium/Library/Java/JavaVirtualMachines/corretto-11.0.13/Contents/Home!/java.logging:/Users/testinium/Library/Java/JavaVirtualMachines/corretto-11.0.13/Contents/Home!/java.management:/Users/testinium/Library/Java/JavaVirtualMachines/corretto-11.0.13/Contents/Home!/java.management.rmi:/Users/testinium/Library/Java/JavaVirtualMachines/corretto-11.0.13/Contents/Home!/java.naming:/Users/testinium/Library/Java/JavaVirtualMachines/corretto-11.0.13/Contents/Home!/java.net.http:/Users/testinium/Library/Java/JavaVirtualMachines/corretto-11.0.13/Contents/Home!/java.prefs:/Users/testinium/Library/Java/JavaVirtualMachines/corretto-11.0.13/Contents/Home!/java.rmi:/Users/testinium/Library/Java/JavaVirtualMachines/corretto-11.0.13/Contents/Home!/java.scripting:/Users/testinium/Library/Java/JavaVirtualMachines/corretto-11.0.13/Contents/Home!/java.se:/Users/testinium/Library/Java/JavaVirtualMachines/corretto-11.0.13/Contents/Home!/java.security.jgss:/Users/testinium/Library/Java/JavaVirtualMachines/corretto-11.0.13/Contents/Home!/java.security.sasl:/Users/testinium/Library/Java/JavaVirtualMachines/corretto-11.0.13/Contents/Home!/java.smartcardio:/Users/testinium/Library/Java/JavaVirtualMachines/corretto-11.0.13/Contents/Home!/java.sql:/Users/testinium/Library/Java/JavaVirtualMachines/corretto-11.0.13/Contents/Home!/java.sql.rowset:/Users/testinium/Library/Java/JavaVirtualMachines/corretto-11.0.13/Contents/Home!/java.transaction.xa:/Users/testinium/Library/Java/JavaVirtualMachines/corretto-11.0.13/Contents/Home!/java.xml:/Users/testinium/Library/Java/JavaVirtualMachines/corretto-11.0.13/Contents/Home!/java.xml.crypto:/Users/testinium/Library/Java/JavaVirtualMachines/corretto-11.0.13/Contents/Home!/jdk.accessibility:/Users/testinium/Library/Java/JavaVirtualMachines/corretto-11.0.13/Contents/Home!/jdk.aot:/Users/testinium/Library/Java/JavaVirtualMachines/corretto-11.0.13/Contents/Home!/jdk.attach:/Users/testinium/Library/Java/JavaVirtualMachines/corretto-11.0.13/Contents/Home!/jdk.charsets:/Users/testinium/Library/Java/JavaVirtualMachines/corretto-11.0.13/Contents/Home!/jdk.compiler:/Users/testinium/Library/Java/JavaVirtualMachines/corretto-11.0.13/Contents/Home!/jdk.crypto.cryptoki:/Users/testinium/Library/Java/JavaVirtualMachines/corretto-11.0.13/Contents/Home!/jdk.crypto.ec:/Users/testinium/Library/Java/JavaVirtualMachines/corretto-11.0.13/Contents/Home!/jdk.dynalink:/Users/testinium/Library/Java/JavaVirtualMachines/corretto-11.0.13/Contents/Home!/jdk.editpad:/Users/testinium/Library/Java/JavaVirtualMachines/corretto-11.0.13/Contents/Home!/jdk.hotspot.agent:/Users/testinium/Library/Java/JavaVirtualMachines/corretto-11.0.13/Contents/Home!/jdk.httpserver:/Users/testinium/Library/Java/JavaVirtualMachines/corretto-11.0.13/Contents/Home!/jdk.internal.ed:/Users/testinium/Library/Java/JavaVirtualMachines/corretto-11.0.13/Contents/Home!/jdk.internal.jvmstat:/Users/testinium/Library/Java/JavaVirtualMachines/corretto-11.0.13/Contents/Home!/jdk.internal.le:/Users/testinium/Library/Java/JavaVirtualMachines/corretto-11.0.13/Contents/Home!/jdk.internal.opt:/Users/testinium/Library/Java/JavaVirtualMachines/corretto-11.0.13/Contents/Home!/jdk.internal.vm.ci:/Users/testinium/Library/Java/JavaVirtualMachines/corretto-11.0.13/Contents/Home!/jdk.internal.vm.compiler:/Users/testinium/Library/Java/JavaVirtualMachines/corretto-11.0.13/Contents/Home!/jdk.internal.vm.compiler.management:/Users/testinium/Library/Java/JavaVirtualMachines/corretto-11.0.13/Contents/Home!/jdk.jartool:/Users/testinium/Library/Java/JavaVirtualMachines/corretto-11.0.13/Contents/Home!/jdk.javadoc:/Users/testinium/Library/Java/JavaVirtualMachines/corretto-11.0.13/Contents/Home!/jdk.jcmd:/Users/testinium/Library/Java/JavaVirtualMachines/corretto-11.0.13/Contents/Home!/jdk.jconsole:/Users/testinium/Library/Java/JavaVirtualMachines/corretto-11.0.13/Contents/Home!/jdk.jdeps:/Users/testinium/Library/Java/JavaVirtualMachines/corretto-11.0.13/Contents/Home!/jdk.jdi:/Users/testinium/Library/Java/JavaVirtualMachines/corretto-11.0.13/Contents/Home!/jdk.jdwp.agent:/Users/testinium/Library/Java/JavaVirtualMachines/corretto-11.0.13/Contents/Home!/jdk.jfr:/Users/testinium/Library/Java/JavaVirtualMachines/corretto-11.0.13/Contents/Home!/jdk.jlink:/Users/testinium/Library/Java/JavaVirtualMachines/corretto-11.0.13/Contents/Home!/jdk.jshell:/Users/testinium/Library/Java/JavaVirtualMachines/corretto-11.0.13/Contents/Home!/jdk.jsobject:/Users/testinium/Library/Java/JavaVirtualMachines/corretto-11.0.13/Contents/Home!/jdk.jstatd:/Users/testinium/Library/Java/JavaVirtualMachines/corretto-11.0.13/Contents/Home!/jdk.localedata:/Users/testinium/Library/Java/JavaVirtualMachines/corretto-11.0.13/Contents/Home!/jdk.management:/Users/testinium/Library/Java/JavaVirtualMachines/corretto-11.0.13/Contents/Home!/jdk.management.agent:/Users/testinium/Library/Java/JavaVirtualMachines/corretto-11.0.13/Contents/Home!/jdk.management.jfr:/Users/testinium/Library/Java/JavaVirtualMachines/corretto-11.0.13/Contents/Home!/jdk.naming.dns:/Users/testinium/Library/Java/JavaVirtualMachines/corretto-11.0.13/Contents/Home!/jdk.naming.ldap:/Users/testinium/Library/Java/JavaVirtualMachines/corretto-11.0.13/Contents/Home!/jdk.naming.rmi:/Users/testinium/Library/Java/JavaVirtualMachines/corretto-11.0.13/Contents/Home!/jdk.net:/Users/testinium/Library/Java/JavaVirtualMachines/corretto-11.0.13/Contents/Home!/jdk.pack:/Users/testinium/Library/Java/JavaVirtualMachines/corretto-11.0.13/Contents/Home!/jdk.rmic:/Users/testinium/Library/Java/JavaVirtualMachines/corretto-11.0.13/Contents/Home!/jdk.scripting.nashorn:/Users/testinium/Library/Java/JavaVirtualMachines/corretto-11.0.13/Contents/Home!/jdk.scripting.nashorn.shell:/Users/testinium/Library/Java/JavaVirtualMachines/corretto-11.0.13/Contents/Home!/jdk.sctp:/Users/testinium/Library/Java/JavaVirtualMachines/corretto-11.0.13/Contents/Home!/jdk.security.auth:/Users/testinium/Library/Java/JavaVirtualMachines/corretto-11.0.13/Contents/Home!/jdk.security.jgss:/Users/testinium/Library/Java/JavaVirtualMachines/corretto-11.0.13/Contents/Home!/jdk.unsupported:/Users/testinium/Library/Java/JavaVirtualMachines/corretto-11.0.13/Contents/Home!/jdk.unsupported.desktop:/Users/testinium/Library/Java/JavaVirtualMachines/corretto-11.0.13/Contents/Home!/jdk.xml.dom:/Users/testinium/Library/Java/JavaVirtualMachines/corretto-11.0.13/Contents/Home!/jdk.zipfs:/Users/testinium/Downloads/OtmOdev/target/test-classes:/Users/testinium/.m2/repository/com/thoughtworks/gauge/gauge-java/0.9.1/gauge-java-0.9.1.jar:/Users/testinium/.m2/repository/org/assertj/assertj-core/3.22.0/assertj-core-3.22.0.jar:/Users/testinium/.m2/repository/com/github/javaparser/javaparser-core/3.16.3/javaparser-core-3.16.3.jar:/Users/testinium/.m2/repository/commons-io/commons-io/2.11.0/commons-io-2.11.0.jar:/Users/testinium/.m2/repository/commons-lang/commons-lang/2.6/commons-lang-2.6.jar:/Users/testinium/.m2/repository/org/json/json/20220320/json-20220320.jar:/Users/testinium/.m2/repository/com/google/protobuf/protobuf-java/3.19.4/protobuf-java-3.19.4.jar:/Users/testinium/.m2/repository/io/grpc/grpc-netty-shaded/1.41.2/grpc-netty-shaded-1.41.2.jar:/Users/testinium/.m2/repository/com/google/errorprone/error_prone_annotations/2.9.0/error_prone_annotations-2.9.0.jar:/Users/testinium/.m2/repository/io/perfmark/perfmark-api/0.23.0/perfmark-api-0.23.0.jar:/Users/testinium/.m2/repository/io/grpc/grpc-core/1.41.2/grpc-core-1.41.2.jar:/Users/testinium/.m2/repository/com/google/android/annotations/4.1.1.4/annotations-4.1.1.4.jar:/Users/testinium/.m2/repository/org/codehaus/mojo/animal-sniffer-annotations/1.19/animal-sniffer-annotations-1.19.jar:/Users/testinium/.m2/repository/io/grpc/grpc-protobuf/1.41.2/grpc-protobuf-1.41.2.jar:/Users/testinium/.m2/repository/io/grpc/grpc-api/1.41.2/grpc-api-1.41.2.jar:/Users/testinium/.m2/repository/io/grpc/grpc-context/1.41.2/grpc-context-1.41.2.jar:/Users/testinium/.m2/repository/com/google/api/grpc/proto-google-common-protos/2.0.1/proto-google-common-protos-2.0.1.jar:/Users/testinium/.m2/repository/io/grpc/grpc-protobuf-lite/1.41.2/grpc-protobuf-lite-1.41.2.jar:/Users/testinium/.m2/repository/io/grpc/grpc-stub/1.41.2/grpc-stub-1.41.2.jar:/Users/testinium/.m2/repository/javax/annotation/javax.annotation-api/1.3.2/javax.annotation-api-1.3.2.jar:/Users/testinium/.m2/repository/junit/junit/4.13.2/junit-4.13.2.jar:/Users/testinium/.m2/repository/org/hamcrest/hamcrest-core/1.3/hamcrest-core-1.3.jar:/Users/testinium/.m2/repository/org/seleniumhq/selenium/selenium-java/4.11.0/selenium-java-4.11.0.jar:/Users/testinium/.m2/repository/org/seleniumhq/selenium/selenium-api/4.11.0/selenium-api-4.11.0.jar:/Users/testinium/.m2/repository/org/seleniumhq/selenium/selenium-chrome-driver/4.11.0/selenium-chrome-driver-4.11.0.jar:/Users/testinium/.m2/repository/com/google/auto/service/auto-service-annotations/1.0.1/auto-service-annotations-1.0.1.jar:/Users/testinium/.m2/repository/com/google/guava/guava/31.1-jre/guava-31.1-jre.jar:/Users/testinium/.m2/repository/com/google/guava/failureaccess/1.0.1/failureaccess-1.0.1.jar:/Users/testinium/.m2/repository/com/google/guava/listenablefuture/9999.0-empty-to-avoid-conflict-with-guava/listenablefuture-9999.0-empty-to-avoid-conflict-with-guava.jar:/Users/testinium/.m2/repository/org/checkerframework/checker-qual/3.12.0/checker-qual-3.12.0.jar:/Users/testinium/.m2/repository/com/google/j2objc/j2objc-annotations/1.3/j2objc-annotations-1.3.jar:/Users/testinium/.m2/repository/org/seleniumhq/selenium/selenium-chromium-driver/4.11.0/selenium-chromium-driver-4.11.0.jar:/Users/testinium/.m2/repository/org/seleniumhq/selenium/selenium-json/4.11.0/selenium-json-4.11.0.jar:/Users/testinium/.m2/repository/org/seleniumhq/selenium/selenium-manager/4.11.0/selenium-manager-4.11.0.jar:/Users/testinium/.m2/repository/org/seleniumhq/selenium/selenium-devtools-v113/4.11.0/selenium-devtools-v113-4.11.0.jar:/Users/testinium/.m2/repository/org/seleniumhq/selenium/selenium-devtools-v114/4.11.0/selenium-devtools-v114-4.11.0.jar:/Users/testinium/.m2/repository/org/seleniumhq/selenium/selenium-devtools-v115/4.11.0/selenium-devtools-v115-4.11.0.jar:/Users/testinium/.m2/repository/org/seleniumhq/selenium/selenium-devtools-v85/4.11.0/selenium-devtools-v85-4.11.0.jar:/Users/testinium/.m2/repository/org/seleniumhq/selenium/selenium-edge-driver/4.11.0/selenium-edge-driver-4.11.0.jar:/Users/testinium/.m2/repository/org/seleniumhq/selenium/selenium-firefox-driver/4.11.0/selenium-firefox-driver-4.11.0.jar:/Users/testinium/.m2/repository/org/seleniumhq/selenium/selenium-http/4.11.0/selenium-http-4.11.0.jar:/Users/testinium/.m2/repository/dev/failsafe/failsafe/3.3.1/failsafe-3.3.1.jar:/Users/testinium/.m2/repository/org/seleniumhq/selenium/selenium-ie-driver/4.11.0/selenium-ie-driver-4.11.0.jar:/Users/testinium/.m2/repository/org/seleniumhq/selenium/selenium-remote-driver/4.11.0/selenium-remote-driver-4.11.0.jar:/Users/testinium/.m2/repository/io/netty/netty-buffer/4.1.92.Final/netty-buffer-4.1.92.Final.jar:/Users/testinium/.m2/repository/io/netty/netty-codec-http/4.1.92.Final/netty-codec-http-4.1.92.Final.jar:/Users/testinium/.m2/repository/io/netty/netty-codec/4.1.92.Final/netty-codec-4.1.92.Final.jar:/Users/testinium/.m2/repository/io/netty/netty-handler/4.1.92.Final/netty-handler-4.1.92.Final.jar:/Users/testinium/.m2/repository/io/netty/netty-common/4.1.92.Final/netty-common-4.1.92.Final.jar:/Users/testinium/.m2/repository/io/netty/netty-transport-classes-epoll/4.1.92.Final/netty-transport-classes-epoll-4.1.92.Final.jar:/Users/testinium/.m2/repository/io/netty/netty-transport-classes-kqueue/4.1.92.Final/netty-transport-classes-kqueue-4.1.92.Final.jar:/Users/testinium/.m2/repository/io/netty/netty-transport-native-epoll/4.1.92.Final/netty-transport-native-epoll-4.1.92.Final.jar:/Users/testinium/.m2/repository/io/netty/netty-transport-native-kqueue/4.1.92.Final/netty-transport-native-kqueue-4.1.92.Final.jar:/Users/testinium/.m2/repository/io/netty/netty-transport-native-unix-common/4.1.92.Final/netty-transport-native-unix-common-4.1.92.Final.jar:/Users/testinium/.m2/repository/io/netty/netty-transport/4.1.92.Final/netty-transport-4.1.92.Final.jar:/Users/testinium/.m2/repository/io/netty/netty-resolver/4.1.92.Final/netty-resolver-4.1.92.Final.jar:/Users/testinium/.m2/repository/io/opentelemetry/opentelemetry-api/1.26.0/opentelemetry-api-1.26.0.jar:/Users/testinium/.m2/repository/io/opentelemetry/opentelemetry-context/1.26.0/opentelemetry-context-1.26.0.jar:/Users/testinium/.m2/repository/io/opentelemetry/opentelemetry-exporter-logging/1.26.0/opentelemetry-exporter-logging-1.26.0.jar:/Users/testinium/.m2/repository/io/opentelemetry/opentelemetry-sdk-metrics/1.26.0/opentelemetry-sdk-metrics-1.26.0.jar:/Users/testinium/.m2/repository/io/opentelemetry/opentelemetry-extension-incubator/1.26.0-alpha/opentelemetry-extension-incubator-1.26.0-alpha.jar:/Users/testinium/.m2/repository/io/opentelemetry/opentelemetry-sdk-logs/1.26.0-alpha/opentelemetry-sdk-logs-1.26.0-alpha.jar:/Users/testinium/.m2/repository/io/opentelemetry/opentelemetry-api-logs/1.26.0-alpha/opentelemetry-api-logs-1.26.0-alpha.jar:/Users/testinium/.m2/repository/io/opentelemetry/opentelemetry-api-events/1.26.0-alpha/opentelemetry-api-events-1.26.0-alpha.jar:/Users/testinium/.m2/repository/io/opentelemetry/opentelemetry-sdk-common/1.26.0/opentelemetry-sdk-common-1.26.0.jar:/Users/testinium/.m2/repository/io/opentelemetry/opentelemetry-sdk-extension-autoconfigure-spi/1.26.0/opentelemetry-sdk-extension-autoconfigure-spi-1.26.0.jar:/Users/testinium/.m2/repository/io/opentelemetry/opentelemetry-sdk-extension-autoconfigure/1.26.0-alpha/opentelemetry-sdk-extension-autoconfigure-1.26.0-alpha.jar:/Users/testinium/.m2/repository/io/opentelemetry/opentelemetry-sdk-trace/1.26.0/opentelemetry-sdk-trace-1.26.0.jar:/Users/testinium/.m2/repository/io/opentelemetry/opentelemetry-sdk/1.26.0/opentelemetry-sdk-1.26.0.jar:/Users/testinium/.m2/repository/io/opentelemetry/opentelemetry-semconv/1.26.0-alpha/opentelemetry-semconv-1.26.0-alpha.jar:/Users/testinium/.m2/repository/net/bytebuddy/byte-buddy/1.14.4/byte-buddy-1.14.4.jar:/Users/testinium/.m2/repository/org/apache/commons/commons-exec/1.3/commons-exec-1.3.jar:/Users/testinium/.m2/repository/org/asynchttpclient/async-http-client/2.12.3/async-http-client-2.12.3.jar:/Users/testinium/.m2/repository/org/asynchttpclient/async-http-client-netty-utils/2.12.3/async-http-client-netty-utils-2.12.3.jar:/Users/testinium/.m2/repository/io/netty/netty-codec-socks/4.1.60.Final/netty-codec-socks-4.1.60.Final.jar:/Users/testinium/.m2/repository/io/netty/netty-handler-proxy/4.1.60.Final/netty-handler-proxy-4.1.60.Final.jar:/Users/testinium/.m2/repository/io/netty/netty-transport-native-epoll/4.1.60.Final/netty-transport-native-epoll-4.1.60.Final-linux-x86_64.jar:/Users/testinium/.m2/repository/io/netty/netty-transport-native-kqueue/4.1.60.Final/netty-transport-native-kqueue-4.1.60.Final-osx-x86_64.jar:/Users/testinium/.m2/repository/org/reactivestreams/reactive-streams/1.0.3/reactive-streams-1.0.3.jar:/Users/testinium/.m2/repository/com/typesafe/netty/netty-reactive-streams/2.0.4/netty-reactive-streams-2.0.4.jar:/Users/testinium/.m2/repository/com/sun/activation/jakarta.activation/1.2.2/jakarta.activation-1.2.2.jar:/Users/testinium/.m2/repository/org/seleniumhq/selenium/selenium-safari-driver/4.11.0/selenium-safari-driver-4.11.0.jar:/Users/testinium/.m2/repository/org/seleniumhq/selenium/selenium-support/4.11.0/selenium-support-4.11.0.jar:/Users/testinium/.m2/repository/org/slf4j/slf4j-reload4j/2.0.5/slf4j-reload4j-2.0.5.jar:/Users/testinium/.m2/repository/ch/qos/reload4j/reload4j/1.2.22/reload4j-1.2.22.jar:/Users/testinium/.m2/repository/org/slf4j/slf4j-api/2.0.5/slf4j-api-2.0.5.jar:/Users/testinium/.m2/repository/io/github/bonigarcia/webdrivermanager/5.4.1/webdrivermanager-5.4.1.jar:/Users/testinium/.m2/repository/com/google/code/gson/gson/2.10.1/gson-2.10.1.jar:/Users/testinium/.m2/repository/com/github/docker-java/docker-java/3.3.2/docker-java-3.3.2.jar:/Users/testinium/.m2/repository/com/github/docker-java/docker-java-core/3.3.2/docker-java-core-3.3.2.jar:/Users/testinium/.m2/repository/com/github/docker-java/docker-java-api/3.3.2/docker-java-api-3.3.2.jar:/Users/testinium/.m2/repository/com/fasterxml/jackson/core/jackson-annotations/2.10.3/jackson-annotations-2.10.3.jar:/Users/testinium/.m2/repository/org/apache/commons/commons-compress/1.21/commons-compress-1.21.jar:/Users/testinium/.m2/repository/com/fasterxml/jackson/core/jackson-databind/2.10.3/jackson-databind-2.10.3.jar:/Users/testinium/.m2/repository/com/fasterxml/jackson/core/jackson-core/2.10.3/jackson-core-2.10.3.jar:/Users/testinium/.m2/repository/org/bouncycastle/bcpkix-jdk15on/1.64/bcpkix-jdk15on-1.64.jar:/Users/testinium/.m2/repository/org/bouncycastle/bcprov-jdk15on/1.64/bcprov-jdk15on-1.64.jar:/Users/testinium/.m2/repository/org/slf4j/jcl-over-slf4j/1.7.30/jcl-over-slf4j-1.7.30.jar:/Users/testinium/.m2/repository/com/github/docker-java/docker-java-transport-httpclient5/3.3.2/docker-java-transport-httpclient5-3.3.2.jar:/Users/testinium/.m2/repository/com/github/docker-java/docker-java-transport/3.3.2/docker-java-transport-3.3.2.jar:/Users/testinium/.m2/repository/net/java/dev/jna/jna/5.12.1/jna-5.12.1.jar:/Users/testinium/.m2/repository/org/brotli/dec/0.1.2/dec-0.1.2.jar:/Users/testinium/.m2/repository/org/apache/commons/commons-lang3/3.12.0/commons-lang3-3.12.0.jar:/Users/testinium/.m2/repository/org/apache/httpcomponents/client5/httpclient5/5.2.1/httpclient5-5.2.1.jar:/Users/testinium/.m2/repository/org/apache/httpcomponents/core5/httpcore5/5.2/httpcore5-5.2.jar:/Users/testinium/.m2/repository/org/apache/httpcomponents/core5/httpcore5-h2/5.2/httpcore5-h2-5.2.jar:/Users/testinium/.m2/repository/org/reflections/reflections/0.10.2/reflections-0.10.2.jar:/Users/testinium/.m2/repository/org/javassist/javassist/3.28.0-GA/javassist-3.28.0-GA.jar:/Users/testinium/.m2/repository/com/google/code/findbugs/jsr305/3.0.2/jsr305-3.0.2.jar
19-08-2023 14:51:22.508 [java] [DEBUG] found java executable in java
19-08-2023 14:51:22.508 [java] [DEBUG] running - java [-Dfile.encoding=UTF-8 com.thoughtworks.gauge.GaugeRuntime --start]
19-08-2023 14:51:22.508 [java] [DEBUG] stdout/stderr is logged to logs/1244-java.out
19-08-2023 14:51:22.571 [java] [DEBUG] multithreading is set to false
19-08-2023 14:51:22.739 [java] [DEBUG] Using reflection to scan dependencies for gauge implementations...
19-08-2023 14:51:22.843 [java] [ERROR] SLF4J: A number (19) of logging calls during the initialization phase have been intercepted and are
19-08-2023 14:51:22.843 [java] [ERROR] SLF4J: now being replayed. These are subject to the filtering rules of the underlying logging system.
19-08-2023 14:51:22.843 [java] [ERROR] SLF4J: See also https://www.slf4j.org/codes.html#replay
19-08-2023 14:51:22.918 [java] [DEBUG] gauge-java took 347milliseconds to load and scan. This should be less than 'runner_connection_timeout' config value.
19-08-2023 14:51:22.918 [java] [DEBUG] run 'gauge config runner_connection_timeout' and verify that it is < 347
19-08-2023 14:51:22.918 [java] [DEBUG] starting gRPC server...
19-08-2023 14:51:23.939 [java] [INFO] 2023-08-19 14:51:23 INFO  .(Reflections.java:219) scan - Reflections took 1095 ms to scan 181 urls, producing 6244 keys and 37636 values
19-08-2023 14:51:24.177 [java] [DEBUG] Scanning packages for steps
19-08-2023 14:51:24.181 [java] [DEBUG] Comparing 'stepImplementation.stepImplementation.findElement' and 'stepImplementation.stepImplementation.findElement'
19-08-2023 14:51:24.181 [java] [DEBUG] Found {} Elementini sayfada bul in current project scope.
19-08-2023 14:51:24.181 [java] [DEBUG] Comparing 'stepImplementation.stepImplementation.selectElementAtIndex' and 'stepImplementation.stepImplementation.selectElementAtIndex'
19-08-2023 14:51:24.181 [java] [DEBUG] Found Select {} element at {} index in in current project scope.
19-08-2023 14:51:24.181 [java] [DEBUG] Comparing 'stepImplementation.stepImplementation.jsclick' and 'stepImplementation.stepImplementation.jsclick'
19-08-2023 14:51:24.181 [java] [DEBUG] Found js ile tikla {} in current project scope.
19-08-2023 14:51:24.181 [java] [DEBUG] Comparing 'base.BaseTest.initializeDriver' and 'base.BaseTest.initializeDriver'
19-08-2023 14:51:24.181 [java] [DEBUG] Found Setup driver {} in current project scope.
19-08-2023 14:51:24.181 [java] [DEBUG] Comparing 'stepImplementation.stepImplementation.checkIfUrlContainsText' and 'stepImplementation.stepImplementation.checkIfUrlContainsText'
19-08-2023 14:51:24.181 [java] [DEBUG] Found url {} textini içeriyor mu in current project scope.
19-08-2023 14:51:24.181 [java] [DEBUG] Comparing 'stepImplementation.stepImplementation.waitBySeconds' and 'stepImplementation.stepImplementation.waitBySeconds'
19-08-2023 14:51:24.182 [java] [DEBUG] Found {} saniye Bekle in current project scope.
19-08-2023 14:51:24.182 [java] [DEBUG] Comparing 'stepImplementation.stepImplementation.getElementWithKeyIfExists' and 'stepImplementation.stepImplementation.getElementWithKeyIfExists'
19-08-2023 14:51:24.182 [java] [DEBUG] Found Check if element {} exists in in current project scope.
19-08-2023 14:51:24.182 [java] [DEBUG] Comparing 'stepImplementation.stepImplementation.getElementWithKeyIfExists' and 'stepImplementation.stepImplementation.getElementWithKeyIfExists'
19-08-2023 14:51:24.182 [java] [DEBUG] Found Element var mı kontrol et {} in in current project scope.
19-08-2023 14:51:24.182 [java] [DEBUG] Comparing 'stepImplementation.stepImplementation.chromeFocusLastTab' and 'stepImplementation.stepImplementation.chromeFocusLastTab'
19-08-2023 14:51:24.182 [java] [DEBUG] Found Focus on last tab in current project scope.
19-08-2023 14:51:24.182 [java] [DEBUG] Comparing 'stepImplementation.stepImplementation.chromeFocusLastTab' and 'stepImplementation.stepImplementation.chromeFocusLastTab'
19-08-2023 14:51:24.182 [java] [DEBUG] Found Son sekmeye odaklan in current project scope.
19-08-2023 14:51:24.182 [java] [DEBUG] Comparing 'stepImplementation.stepImplementation.ifElementExistsClick' and 'stepImplementation.stepImplementation.ifElementExistsClick'
19-08-2023 14:51:24.182 [java] [DEBUG] Found {} Elementi görülürse tıklanılır in current project scope.
19-08-2023 14:51:24.182 [java] [DEBUG] Comparing 'stepImplementation.stepImplementation.sendKeys' and 'stepImplementation.stepImplementation.sendKeys'
19-08-2023 14:51:24.182 [java] [DEBUG] Found {} Elementine {} değerini yaz in current project scope.
19-08-2023 14:51:24.183 [java] [DEBUG] Comparing 'stepImplementation.stepImplementation.GoUrl' and 'stepImplementation.stepImplementation.GoUrl'
19-08-2023 14:51:24.183 [java] [DEBUG] Found Go to {} in current project scope.
19-08-2023 14:51:24.183 [java] [DEBUG] Comparing 'stepImplementation.stepImplementation.clickElement' and 'stepImplementation.stepImplementation.clickElement'
19-08-2023 14:51:24.183 [java] [DEBUG] Found {} Elementine tıklanılır in current project scope.
19-08-2023 14:51:24.183 [java] [DEBUG] Comparing 'stepImplementation.stepImplementation.scrollToElement' and 'stepImplementation.stepImplementation.scrollToElement'
19-08-2023 14:51:24.183 [java] [DEBUG] Found {} Elementine scroll et in current project scope.
19-08-2023 14:51:24.183 [java] [DEBUG] Scanning packages for hooks
19-08-2023 14:51:24.189 [java] [DEBUG] Scanned steps (using static parsing + reflections): 
19-08-2023 14:51:24.189 [java] [DEBUG] 	Son sekmeye odaklan : public void chromeFocusLastTab()
19-08-2023 14:51:24.189 [java] [DEBUG] 	Setup driver {} : public void initializeDriver(String driverName)
19-08-2023 14:51:24.189 [java] [DEBUG] 	{} Elementine tıklanılır : public void clickElement(String elementName)
19-08-2023 14:51:24.189 [java] [DEBUG] 	{} saniye Bekle : public void waitBySeconds(int seconds) throws InterruptedException
19-08-2023 14:51:24.189 [java] [DEBUG] 	Check if element {} exists in : public WebElement getElementWithKeyIfExists(String key) throws InterruptedException
19-08-2023 14:51:24.189 [java] [DEBUG] 	js ile tikla {} : public void jsclick(String key)
19-08-2023 14:51:24.189 [java] [DEBUG] 	Focus on last tab : public void chromeFocusLastTab()
19-08-2023 14:51:24.189 [java] [DEBUG] 	{} Elementini sayfada bul : public WebElement findElement(String elementName)
19-08-2023 14:51:24.189 [java] [DEBUG] 	Element var mı kontrol et {} in : public WebElement getElementWithKeyIfExists(String key) throws InterruptedException
19-08-2023 14:51:24.189 [java] [DEBUG] 	{} Elementine scroll et : public void scrollToElement(String elementName)
19-08-2023 14:51:24.189 [java] [DEBUG] 	url {} textini içeriyor mu : public void checkIfUrlContainsText(String text)
19-08-2023 14:51:24.189 [java] [DEBUG] 	Go to {} : public void GoUrl(String url)
19-08-2023 14:51:24.189 [java] [DEBUG] 	{} Elementi görülürse tıklanılır : public void ifElementExistsClick(String key)
19-08-2023 14:51:24.189 [java] [DEBUG] 	{} Elementine {} değerini yaz : public void sendKeys(String elementName, String text) throws InterruptedException
19-08-2023 14:51:24.189 [java] [DEBUG] 	Select {} element at {} index in : public void selectElementAtIndex(String key, String index)
19-08-2023 14:51:28.016 [java] [DEBUG] started gRPC server on port 49850
19-08-2023 14:51:28.016 [Gauge] [DEBUG] Attempting to connect to grpc server at port: 49850
19-08-2023 14:51:28.062 [Gauge] [DEBUG] Successfully made the connection with runner with port: 49850
19-08-2023 14:51:28.063 [Gauge] [DEBUG] Validation started.
19-08-2023 14:51:28.482 [java] [INFO] 2023-08-19 14:51:28 INFO  .(Reflections.java:219) scan - Reflections took 397 ms to scan 181 urls, producing 6157 keys and 27608 values
19-08-2023 14:51:28.516 [Gauge] [DEBUG] Validation completed.
19-08-2023 14:51:28.517 [Gauge] [DEBUG] Run started
19-08-2023 14:51:28.517 [Gauge] [DEBUG] Starting Html Report plugin
19-08-2023 14:51:28.600 [Gauge] [DEBUG] Attempting to connect to grpc server at port: 49855
19-08-2023 14:51:28.603 [Gauge] [DEBUG] Successfully made the connection with plugin with port: 49855
19-08-2023 14:51:28.603 [Gauge] [DEBUG] Initialising suite data store.
19-08-2023 14:51:28.632 [java] [DEBUG] Executing 'Setup driver {}' using 'class base.BaseTest.initializeDriver
19-08-2023 14:51:29.374 [java] [INFO] 2023-08-19 14:51:29 INFO —————————— .(WebDriverManager.java:1212) resolveDriverVersion - Using chromedriver 116.0.5845.96 (resolved driver for Chrome 116)
19-08-2023 14:51:29.390 [java] [INFO] 2023-08-19 14:51:29 INFO —————————— .(WebDriverManager.java:1265) exportDriver - Exporting webdriver.chrome.driver as /Users/testinium/.cache/selenium/chromedriver/mac-arm64/116.0.5845.96/chromedriver
19-08-2023 14:51:30.668 [java] [ERROR] Aug 19, 2023 2:51:30 PM org.openqa.selenium.devtools.CdpVersionFinder findNearestMatch
19-08-2023 14:51:30.668 [java] [ERROR] WARNING: Unable to find an exact match for CDP version 116, so returning the closest version found: 115
19-08-2023 14:51:32.194 [java] [DEBUG] Executing 'Go to {}' using 'class stepImplementation.stepImplementation.GoUrl
19-08-2023 14:51:35.975 [java] [DEBUG] Executing '{} Elementine tıklanılır' using 'class stepImplementation.stepImplementation.clickElement
19-08-2023 14:51:35.975 [java] [INFO] 2023-08-19 14:51:35 INFO —— .(stepImplementation.java:54) clickElement - Entered.
19-08-2023 14:51:39.083 [java] [DEBUG] Executing '{} Elementine tıklanılır' using 'class stepImplementation.stepImplementation.clickElement
19-08-2023 14:51:39.083 [java] [INFO] 2023-08-19 14:51:39 INFO —— .(stepImplementation.java:54) clickElement - Entered.
19-08-2023 14:51:40.820 [java] [DEBUG] Executing 'Focus on last tab' using 'class stepImplementation.stepImplementation.chromeFocusLastTab
19-08-2023 14:51:40.820 [java] [INFO] 2023-08-19 14:51:40 INFO —— .(stepImplementation.java:34) chromeFocusLastTab - Entered.
19-08-2023 14:51:42.350 [java] [DEBUG] Executing '{} Elementine {} değerini yaz' using 'class stepImplementation.stepImplementation.sendKeys
19-08-2023 14:51:42.354 [java] [INFO] 2023-08-19 14:51:42 INFO —— .(stepImplementation.java:60) sendKeys - Entered.
19-08-2023 14:51:42.354 [java] [INFO] 2023-08-19 14:51:42 INFO ———— .(stepImplementation.java:47) waitBySeconds - Entered.
19-08-2023 14:51:45.013 [java] [DEBUG] Executing '{} Elementine tıklanılır' using 'class stepImplementation.stepImplementation.clickElement
19-08-2023 14:51:45.013 [java] [INFO] 2023-08-19 14:51:45 INFO —— .(stepImplementation.java:54) clickElement - Entered.
19-08-2023 14:51:46.756 [java] [DEBUG] Executing '{} Elementine {} değerini yaz' using 'class stepImplementation.stepImplementation.sendKeys
19-08-2023 14:51:46.756 [java] [INFO] 2023-08-19 14:51:46 INFO —— .(stepImplementation.java:60) sendKeys - Entered.
19-08-2023 14:51:46.756 [java] [INFO] 2023-08-19 14:51:46 INFO ———— .(stepImplementation.java:47) waitBySeconds - Entered.
19-08-2023 14:51:49.325 [java] [DEBUG] Executing '{} Elementine tıklanılır' using 'class stepImplementation.stepImplementation.clickElement
19-08-2023 14:51:49.326 [java] [INFO] 2023-08-19 14:51:49 INFO —— .(stepImplementation.java:54) clickElement - Entered.
19-08-2023 14:51:50.891 [java] [DEBUG] Executing '{} saniye Bekle' using 'class stepImplementation.stepImplementation.waitBySeconds
19-08-2023 14:51:50.892 [java] [INFO] 2023-08-19 14:51:50 INFO —— .(stepImplementation.java:47) waitBySeconds - Entered.
19-08-2023 14:51:59.414 [java] [DEBUG] Executing 'Focus on last tab' using 'class stepImplementation.stepImplementation.chromeFocusLastTab
19-08-2023 14:51:59.414 [java] [INFO] 2023-08-19 14:51:59 INFO —— .(stepImplementation.java:34) chromeFocusLastTab - Entered.
19-08-2023 14:52:00.941 [java] [DEBUG] Executing '{} Elementine {} değerini yaz' using 'class stepImplementation.stepImplementation.sendKeys
19-08-2023 14:52:00.941 [java] [INFO] 2023-08-19 14:52:00 INFO —— .(stepImplementation.java:60) sendKeys - Entered.
19-08-2023 14:52:00.941 [java] [INFO] 2023-08-19 14:52:00 INFO ———— .(stepImplementation.java:47) waitBySeconds - Entered.
19-08-2023 14:52:03.964 [html-report] [DEBUG] Transformed SuiteResult to report structure
19-08-2023 14:52:04.005 [html-report] [INFO] Successfully generated html-report to => /Users/testinium/Downloads/OtmOdev/reports/html-report/index.html
19-08-2023 14:52:04.005 [html-report] [DEBUG] Done generating HTML report using theme from /Users/testinium/.gauge/plugins/html-report/4.1.2/themes/default
19-08-2023 14:52:04.006 [Gauge] [DEBUG] Sending kill message to Html Report plugin.
19-08-2023 14:52:04.007 [java] [DEBUG] Killing Java runner...
19-08-2023 14:52:04.008 [java] [DEBUG] Stopping execution pool...
19-08-2023 14:52:04.008 [java] [DEBUG] Shutting down grpc server...
19-08-2023 14:52:04.011 [Gauge] [INFO] Specifications:	1 executed	0 passed	1 failed	0 skipped
19-08-2023 14:52:04.011 [Gauge] [INFO] Scenarios:	1 executed	0 passed	1 failed	0 skipped
19-08-2023 14:52:04.011 [Gauge] [INFO] 
Total time taken: 35.444s
19-08-2023 14:52:04.011 [Gauge] [INFO] Updates are available. Run `gauge update -c` for more info.
